<?xml version="1.0" encoding="UTF-8"?>
<!-- Generated by org.testng.reporters.JUnitReportReporter -->
<testsuite hostname="HB11534" failures="0" tests="11" name="Final.Login" time="40.439" errors="0" timestamp="2022-03-31T12:39:58 EDT" skipped="0">
  <testcase classname="Final.Login" name="Login" time="2.596"/>
  <system-out/>
  <testcase classname="Final.Login" name="dropdown" time="2.086"/>
  <system-out/>
  <testcase classname="Final.Login" name="list" time="14.590"/>
  <system-out/>
  <testcase classname="Final.Login" name="cart" time="2.101"/>
  <system-out/>
  <testcase classname="Final.Login" name="remove" time="4.114"/>
  <system-out/>
  <testcase classname="Final.Login" name="shopping" time="4.186"/>
  <system-out/>
  <testcase classname="Final.Login" name="checking" time="2.093"/>
  <system-out/>
  <testcase classname="Final.Login" name="Input" time="2.338"/>
  <system-out/>
  <testcase classname="Final.Login" name="buttoncontinue" time="2.101"/>
  <system-out/>
  <testcase classname="Final.Login" name="end" time="2.116"/>
  <system-out/>
  <testcase classname="Final.Login" name="backtohomepage" time="2.118"/>
  <system-out/>
</testsuite> <!-- Final.Login -->
